2025-03-15 19:03:30,538 [Worker-4: Loading available Gradle versions] INFO  o.e.b.c.i.u.g.PublishedGradleVersions - Gradle version information cache is out-of-date. Trying to update.
2025-03-15 20:02:58,359 [Worker-26: reload maven project] ERROR o.e.m.c.i.p.r.ProjectRegistryManager - Failed to read Maven project: Some problems were encountered while processing the POMs:
[FATAL] 'parent.artifactId' must be changed, the parent element cannot have the same groupId:artifactId as the project. @ line 5, column 17

org.apache.maven.project.ProjectBuildingException: Some problems were encountered while processing the POMs:
[FATAL] 'parent.artifactId' must be changed, the parent element cannot have the same groupId:artifactId as the project. @ line 5, column 17

	at org.eclipse.m2e.core.internal.IMavenToolbox.readMavenProjects(IMavenToolbox.java:131)
	at org.eclipse.m2e.core.internal.project.registry.ProjectRegistryManager.lambda$22(ProjectRegistryManager.java:939)
	at org.eclipse.m2e.core.internal.embedder.MavenExecutionContext.executeBare(MavenExecutionContext.java:394)
	at org.eclipse.m2e.core.internal.embedder.MavenExecutionContext.execute(MavenExecutionContext.java:275)
	at org.eclipse.m2e.core.internal.embedder.MavenExecutionContext.execute(MavenExecutionContext.java:214)
	at org.eclipse.m2e.core.internal.project.registry.ProjectRegistryManager.readProjectsWithDependencies(ProjectRegistryManager.java:935)
	at org.eclipse.m2e.core.internal.project.registry.ProjectRegistryManager.create(ProjectRegistryManager.java:219)
	at org.eclipse.m2e.core.internal.project.registry.MavenProjectManager.create(MavenProjectManager.java:105)
	at org.eclipse.m2e.core.ui.internal.actions.SelectionUtil.getMavenProject(SelectionUtil.java:239)
	at org.eclipse.m2e.editor.pom.MavenPomEditor.readMavenProject(MavenPomEditor.java:709)
	at org.eclipse.m2e.editor.pom.MavenPomEditor$4.run(MavenPomEditor.java:1029)
	at org.eclipse.core.internal.jobs.Worker.run(Worker.java:63)
2025-03-15 20:08:34,406 [Worker-7: reload maven project] ERROR o.e.m.c.i.p.r.ProjectRegistryManager - Failed to read Maven project: Some problems were encountered while processing the POMs:
[FATAL] 'parent.artifactId' must be changed, the parent element cannot have the same groupId:artifactId as the project. @ line 5, column 17

org.apache.maven.project.ProjectBuildingException: Some problems were encountered while processing the POMs:
[FATAL] 'parent.artifactId' must be changed, the parent element cannot have the same groupId:artifactId as the project. @ line 5, column 17

	at org.eclipse.m2e.core.internal.IMavenToolbox.readMavenProjects(IMavenToolbox.java:131)
	at org.eclipse.m2e.core.internal.project.registry.ProjectRegistryManager.lambda$22(ProjectRegistryManager.java:939)
	at org.eclipse.m2e.core.internal.embedder.MavenExecutionContext.executeBare(MavenExecutionContext.java:394)
	at org.eclipse.m2e.core.internal.embedder.MavenExecutionContext.execute(MavenExecutionContext.java:275)
	at org.eclipse.m2e.core.internal.embedder.MavenExecutionContext.execute(MavenExecutionContext.java:214)
	at org.eclipse.m2e.core.internal.project.registry.ProjectRegistryManager.readProjectsWithDependencies(ProjectRegistryManager.java:935)
	at org.eclipse.m2e.core.internal.project.registry.ProjectRegistryManager.create(ProjectRegistryManager.java:219)
	at org.eclipse.m2e.core.internal.project.registry.MavenProjectManager.create(MavenProjectManager.java:105)
	at org.eclipse.m2e.core.ui.internal.actions.SelectionUtil.getMavenProject(SelectionUtil.java:239)
	at org.eclipse.m2e.editor.pom.MavenPomEditor.readMavenProject(MavenPomEditor.java:709)
	at org.eclipse.m2e.editor.pom.MavenPomEditor$4.run(MavenPomEditor.java:1029)
	at org.eclipse.core.internal.jobs.Worker.run(Worker.java:63)
2025-03-15 20:10:20,362 [Worker-16: reload maven project] ERROR o.e.m.c.i.p.r.ProjectRegistryManager - Failed to read Maven project: Some problems were encountered while processing the POMs:
[FATAL] Non-resolvable parent POM for adapter_pattern:adapter_pattern:0.0.1-SNAPSHOT: The following artifacts could not be resolved: com.iuh.se:com.iuh.se:pom:0.0.1-SNAPSHOT (absent): Could not find artifact com.iuh.se:com.iuh.se:pom:0.0.1-SNAPSHOT and 'parent.relativePath' points at wrong local POM @ line 3, column 11

org.apache.maven.project.ProjectBuildingException: Some problems were encountered while processing the POMs:
[FATAL] Non-resolvable parent POM for adapter_pattern:adapter_pattern:0.0.1-SNAPSHOT: The following artifacts could not be resolved: com.iuh.se:com.iuh.se:pom:0.0.1-SNAPSHOT (absent): Could not find artifact com.iuh.se:com.iuh.se:pom:0.0.1-SNAPSHOT and 'parent.relativePath' points at wrong local POM @ line 3, column 11

	at org.eclipse.m2e.core.internal.IMavenToolbox.readMavenProjects(IMavenToolbox.java:131)
	at org.eclipse.m2e.core.internal.project.registry.ProjectRegistryManager.lambda$22(ProjectRegistryManager.java:939)
	at org.eclipse.m2e.core.internal.embedder.MavenExecutionContext.executeBare(MavenExecutionContext.java:394)
	at org.eclipse.m2e.core.internal.embedder.MavenExecutionContext.execute(MavenExecutionContext.java:275)
	at org.eclipse.m2e.core.internal.embedder.MavenExecutionContext.execute(MavenExecutionContext.java:214)
	at org.eclipse.m2e.core.internal.project.registry.ProjectRegistryManager.readProjectsWithDependencies(ProjectRegistryManager.java:935)
	at org.eclipse.m2e.core.internal.project.registry.ProjectRegistryManager.create(ProjectRegistryManager.java:219)
	at org.eclipse.m2e.core.internal.project.registry.MavenProjectManager.create(MavenProjectManager.java:105)
	at org.eclipse.m2e.core.ui.internal.actions.SelectionUtil.getMavenProject(SelectionUtil.java:239)
	at org.eclipse.m2e.editor.pom.MavenPomEditor.readMavenProject(MavenPomEditor.java:709)
	at org.eclipse.m2e.editor.pom.MavenPomEditor$4.run(MavenPomEditor.java:1029)
	at org.eclipse.core.internal.jobs.Worker.run(Worker.java:63)
2025-03-15 20:13:54,185 [Worker-27: Updating Maven Project] INFO  o.e.m.c.i.p.ProjectConfigurationManager - Update started
2025-03-15 20:13:54,199 [Worker-27: Updating Maven Project] INFO  o.e.m.c.i.p.ProjectConfigurationManager - Update completed for 1 poms: local refresh takes 0.00 sec, refresh facades takes 0.00 sec, update config takes 0.00 sec 
2025-03-15 20:16:16,058 [ModalContext] INFO  o.e.m.c.i.e.AbstractTransferListenerAdapter - Downloading https://repo.maven.apache.org/maven2/org/apache/maven/archetypes/maven-archetype-quickstart/1.1/maven-archetype-quickstart-1.1.pom
2025-03-15 20:16:16,070 [ModalContext] INFO  o.e.m.c.i.e.AbstractTransferListenerAdapter - Downloaded https://repo.maven.apache.org/maven2/org/apache/maven/archetypes/maven-archetype-quickstart/1.1/maven-archetype-quickstart-1.1.pom
2025-03-15 20:16:16,838 [ModalContext] INFO  o.e.m.c.i.e.AbstractTransferListenerAdapter - Downloading https://repo.maven.apache.org/maven2/org/apache/maven/archetypes/maven-archetype-bundles/4/maven-archetype-bundles-4.pom
2025-03-15 20:16:16,866 [ModalContext] INFO  o.e.m.c.i.e.AbstractTransferListenerAdapter - Downloaded https://repo.maven.apache.org/maven2/org/apache/maven/archetypes/maven-archetype-bundles/4/maven-archetype-bundles-4.pom
2025-03-15 20:16:17,640 [ModalContext] INFO  o.e.m.c.i.e.AbstractTransferListenerAdapter - Downloading https://repo.maven.apache.org/maven2/org/apache/maven/archetype/maven-archetype/2.0-alpha-5/maven-archetype-2.0-alpha-5.pom
2025-03-15 20:16:17,737 [ModalContext] INFO  o.e.m.c.i.e.AbstractTransferListenerAdapter - Downloaded https://repo.maven.apache.org/maven2/org/apache/maven/archetype/maven-archetype/2.0-alpha-5/maven-archetype-2.0-alpha-5.pom
2025-03-15 20:16:18,605 [ModalContext] INFO  o.e.m.c.i.e.AbstractTransferListenerAdapter - Downloading https://repo.maven.apache.org/maven2/org/apache/maven/maven-parent/16/maven-parent-16.pom
2025-03-15 20:16:18,831 [ModalContext] INFO  o.e.m.c.i.e.AbstractTransferListenerAdapter - Downloaded https://repo.maven.apache.org/maven2/org/apache/maven/maven-parent/16/maven-parent-16.pom
2025-03-15 20:16:19,725 [ModalContext] INFO  o.e.m.c.i.e.AbstractTransferListenerAdapter - Downloading https://repo.maven.apache.org/maven2/org/apache/apache/7/apache-7.pom
2025-03-15 20:16:19,916 [ModalContext] INFO  o.e.m.c.i.e.AbstractTransferListenerAdapter - Downloaded https://repo.maven.apache.org/maven2/org/apache/apache/7/apache-7.pom
2025-03-15 20:16:20,720 [ModalContext] INFO  o.e.m.c.i.e.AbstractTransferListenerAdapter - Downloading https://repo.maven.apache.org/maven2/org/apache/maven/archetypes/maven-archetype-quickstart/1.1/maven-archetype-quickstart-1.1.jar
2025-03-15 20:16:20,774 [ModalContext] INFO  o.e.m.c.i.e.AbstractTransferListenerAdapter - Downloaded https://repo.maven.apache.org/maven2/org/apache/maven/archetypes/maven-archetype-quickstart/1.1/maven-archetype-quickstart-1.1.jar
2025-03-15 20:17:32,587 [Worker-16: Launching mavenrun-3c013ba5-2ebb-4553-940c-d252bd6440fc] INFO  o.eclipse.m2e.core.internal.Bundles - getClasspathEntries(Bundle=org.eclipse.m2e.maven.runtime_3.9.500.20231113-2345 [297])
2025-03-15 20:17:32,590 [Worker-16: Launching mavenrun-3c013ba5-2ebb-4553-940c-d252bd6440fc] INFO  o.eclipse.m2e.core.internal.Bundles - 	Entry: C:\Users\ASUS\.p2\pool\plugins\org.eclipse.m2e.maven.runtime_3.9.500.20231113-2345
2025-03-15 20:17:32,590 [Worker-16: Launching mavenrun-3c013ba5-2ebb-4553-940c-d252bd6440fc] INFO  o.eclipse.m2e.core.internal.Bundles - 	Entry: C:\Users\ASUS\.p2\pool\plugins\org.eclipse.m2e.maven.runtime_3.9.500.20231113-2345\jars\aopalliance-1.0.jar
2025-03-15 20:17:32,590 [Worker-16: Launching mavenrun-3c013ba5-2ebb-4553-940c-d252bd6440fc] INFO  o.eclipse.m2e.core.internal.Bundles - 	Entry: C:\Users\ASUS\.p2\pool\plugins\org.eclipse.m2e.maven.runtime_3.9.500.20231113-2345\jars\guice-5.1.0.jar
2025-03-15 20:17:32,590 [Worker-16: Launching mavenrun-3c013ba5-2ebb-4553-940c-d252bd6440fc] INFO  o.eclipse.m2e.core.internal.Bundles - 	Entry: C:\Users\ASUS\.p2\pool\plugins\org.eclipse.m2e.maven.runtime_3.9.500.20231113-2345\jars\httpclient-4.5.14.jar
2025-03-15 20:17:32,591 [Worker-16: Launching mavenrun-3c013ba5-2ebb-4553-940c-d252bd6440fc] INFO  o.eclipse.m2e.core.internal.Bundles - 	Entry: C:\Users\ASUS\.p2\pool\plugins\org.eclipse.m2e.maven.runtime_3.9.500.20231113-2345\jars\httpcore-4.4.16.jar
2025-03-15 20:17:32,591 [Worker-16: Launching mavenrun-3c013ba5-2ebb-4553-940c-d252bd6440fc] INFO  o.eclipse.m2e.core.internal.Bundles - 	Entry: C:\Users\ASUS\.p2\pool\plugins\org.eclipse.m2e.maven.runtime_3.9.500.20231113-2345\jars\jansi-2.4.0.jar
2025-03-15 20:17:32,591 [Worker-16: Launching mavenrun-3c013ba5-2ebb-4553-940c-d252bd6440fc] INFO  o.eclipse.m2e.core.internal.Bundles - 	Entry: C:\Users\ASUS\.p2\pool\plugins\org.eclipse.m2e.maven.runtime_3.9.500.20231113-2345\jars\jcl-over-slf4j-1.7.36.jar
2025-03-15 20:17:32,591 [Worker-16: Launching mavenrun-3c013ba5-2ebb-4553-940c-d252bd6440fc] INFO  o.eclipse.m2e.core.internal.Bundles - 	Entry: C:\Users\ASUS\.p2\pool\plugins\org.eclipse.m2e.maven.runtime_3.9.500.20231113-2345\jars\maven-artifact-3.9.5.jar
2025-03-15 20:17:32,591 [Worker-16: Launching mavenrun-3c013ba5-2ebb-4553-940c-d252bd6440fc] INFO  o.eclipse.m2e.core.internal.Bundles - 	Entry: C:\Users\ASUS\.p2\pool\plugins\org.eclipse.m2e.maven.runtime_3.9.500.20231113-2345\jars\maven-builder-support-3.9.5.jar
2025-03-15 20:17:32,591 [Worker-16: Launching mavenrun-3c013ba5-2ebb-4553-940c-d252bd6440fc] INFO  o.eclipse.m2e.core.internal.Bundles - 	Entry: C:\Users\ASUS\.p2\pool\plugins\org.eclipse.m2e.maven.runtime_3.9.500.20231113-2345\jars\maven-compat-3.9.5.jar
2025-03-15 20:17:32,591 [Worker-16: Launching mavenrun-3c013ba5-2ebb-4553-940c-d252bd6440fc] INFO  o.eclipse.m2e.core.internal.Bundles - 	Entry: C:\Users\ASUS\.p2\pool\plugins\org.eclipse.m2e.maven.runtime_3.9.500.20231113-2345\jars\maven-core-3.9.5.jar
2025-03-15 20:17:32,591 [Worker-16: Launching mavenrun-3c013ba5-2ebb-4553-940c-d252bd6440fc] INFO  o.eclipse.m2e.core.internal.Bundles - 	Entry: C:\Users\ASUS\.p2\pool\plugins\org.eclipse.m2e.maven.runtime_3.9.500.20231113-2345\jars\maven-embedder-3.9.5.jar
2025-03-15 20:17:32,591 [Worker-16: Launching mavenrun-3c013ba5-2ebb-4553-940c-d252bd6440fc] INFO  o.eclipse.m2e.core.internal.Bundles - 	Entry: C:\Users\ASUS\.p2\pool\plugins\org.eclipse.m2e.maven.runtime_3.9.500.20231113-2345\jars\maven-model-3.9.5.jar
2025-03-15 20:17:32,591 [Worker-16: Launching mavenrun-3c013ba5-2ebb-4553-940c-d252bd6440fc] INFO  o.eclipse.m2e.core.internal.Bundles - 	Entry: C:\Users\ASUS\.p2\pool\plugins\org.eclipse.m2e.maven.runtime_3.9.500.20231113-2345\jars\maven-model-builder-3.9.5.jar
2025-03-15 20:17:32,591 [Worker-16: Launching mavenrun-3c013ba5-2ebb-4553-940c-d252bd6440fc] INFO  o.eclipse.m2e.core.internal.Bundles - 	Entry: C:\Users\ASUS\.p2\pool\plugins\org.eclipse.m2e.maven.runtime_3.9.500.20231113-2345\jars\maven-plugin-api-3.9.5.jar
2025-03-15 20:17:32,592 [Worker-16: Launching mavenrun-3c013ba5-2ebb-4553-940c-d252bd6440fc] INFO  o.eclipse.m2e.core.internal.Bundles - 	Entry: C:\Users\ASUS\.p2\pool\plugins\org.eclipse.m2e.maven.runtime_3.9.500.20231113-2345\jars\maven-repository-metadata-3.9.5.jar
2025-03-15 20:17:32,592 [Worker-16: Launching mavenrun-3c013ba5-2ebb-4553-940c-d252bd6440fc] INFO  o.eclipse.m2e.core.internal.Bundles - 	Entry: C:\Users\ASUS\.p2\pool\plugins\org.eclipse.m2e.maven.runtime_3.9.500.20231113-2345\jars\maven-resolver-api-1.9.16.jar
2025-03-15 20:17:32,592 [Worker-16: Launching mavenrun-3c013ba5-2ebb-4553-940c-d252bd6440fc] INFO  o.eclipse.m2e.core.internal.Bundles - 	Entry: C:\Users\ASUS\.p2\pool\plugins\org.eclipse.m2e.maven.runtime_3.9.500.20231113-2345\jars\maven-resolver-connector-basic-1.9.16.jar
2025-03-15 20:17:32,592 [Worker-16: Launching mavenrun-3c013ba5-2ebb-4553-940c-d252bd6440fc] INFO  o.eclipse.m2e.core.internal.Bundles - 	Entry: C:\Users\ASUS\.p2\pool\plugins\org.eclipse.m2e.maven.runtime_3.9.500.20231113-2345\jars\maven-resolver-impl-1.9.16.jar
2025-03-15 20:17:32,592 [Worker-16: Launching mavenrun-3c013ba5-2ebb-4553-940c-d252bd6440fc] INFO  o.eclipse.m2e.core.internal.Bundles - 	Entry: C:\Users\ASUS\.p2\pool\plugins\org.eclipse.m2e.maven.runtime_3.9.500.20231113-2345\jars\maven-resolver-named-locks-1.9.16.jar
2025-03-15 20:17:32,592 [Worker-16: Launching mavenrun-3c013ba5-2ebb-4553-940c-d252bd6440fc] INFO  o.eclipse.m2e.core.internal.Bundles - 	Entry: C:\Users\ASUS\.p2\pool\plugins\org.eclipse.m2e.maven.runtime_3.9.500.20231113-2345\jars\maven-resolver-provider-3.9.5.jar
2025-03-15 20:17:32,592 [Worker-16: Launching mavenrun-3c013ba5-2ebb-4553-940c-d252bd6440fc] INFO  o.eclipse.m2e.core.internal.Bundles - 	Entry: C:\Users\ASUS\.p2\pool\plugins\org.eclipse.m2e.maven.runtime_3.9.500.20231113-2345\jars\maven-resolver-spi-1.9.16.jar
2025-03-15 20:17:32,593 [Worker-16: Launching mavenrun-3c013ba5-2ebb-4553-940c-d252bd6440fc] INFO  o.eclipse.m2e.core.internal.Bundles - 	Entry: C:\Users\ASUS\.p2\pool\plugins\org.eclipse.m2e.maven.runtime_3.9.500.20231113-2345\jars\maven-resolver-transport-file-1.9.16.jar
2025-03-15 20:17:32,593 [Worker-16: Launching mavenrun-3c013ba5-2ebb-4553-940c-d252bd6440fc] INFO  o.eclipse.m2e.core.internal.Bundles - 	Entry: C:\Users\ASUS\.p2\pool\plugins\org.eclipse.m2e.maven.runtime_3.9.500.20231113-2345\jars\maven-resolver-transport-http-1.9.16.jar
2025-03-15 20:17:32,593 [Worker-16: Launching mavenrun-3c013ba5-2ebb-4553-940c-d252bd6440fc] INFO  o.eclipse.m2e.core.internal.Bundles - 	Entry: C:\Users\ASUS\.p2\pool\plugins\org.eclipse.m2e.maven.runtime_3.9.500.20231113-2345\jars\maven-resolver-transport-wagon-1.9.16.jar
2025-03-15 20:17:32,593 [Worker-16: Launching mavenrun-3c013ba5-2ebb-4553-940c-d252bd6440fc] INFO  o.eclipse.m2e.core.internal.Bundles - 	Entry: C:\Users\ASUS\.p2\pool\plugins\org.eclipse.m2e.maven.runtime_3.9.500.20231113-2345\jars\maven-resolver-util-1.9.16.jar
2025-03-15 20:17:32,593 [Worker-16: Launching mavenrun-3c013ba5-2ebb-4553-940c-d252bd6440fc] INFO  o.eclipse.m2e.core.internal.Bundles - 	Entry: C:\Users\ASUS\.p2\pool\plugins\org.eclipse.m2e.maven.runtime_3.9.500.20231113-2345\jars\maven-settings-3.9.5.jar
2025-03-15 20:17:32,593 [Worker-16: Launching mavenrun-3c013ba5-2ebb-4553-940c-d252bd6440fc] INFO  o.eclipse.m2e.core.internal.Bundles - 	Entry: C:\Users\ASUS\.p2\pool\plugins\org.eclipse.m2e.maven.runtime_3.9.500.20231113-2345\jars\maven-settings-builder-3.9.5.jar
2025-03-15 20:17:32,593 [Worker-16: Launching mavenrun-3c013ba5-2ebb-4553-940c-d252bd6440fc] INFO  o.eclipse.m2e.core.internal.Bundles - 	Entry: C:\Users\ASUS\.p2\pool\plugins\org.eclipse.m2e.maven.runtime_3.9.500.20231113-2345\jars\maven-shared-utils-3.3.4.jar
2025-03-15 20:17:32,593 [Worker-16: Launching mavenrun-3c013ba5-2ebb-4553-940c-d252bd6440fc] INFO  o.eclipse.m2e.core.internal.Bundles - 	Entry: C:\Users\ASUS\.p2\pool\plugins\org.eclipse.m2e.maven.runtime_3.9.500.20231113-2345\jars\org.eclipse.sisu.inject-0.3.5.jar
2025-03-15 20:17:32,594 [Worker-16: Launching mavenrun-3c013ba5-2ebb-4553-940c-d252bd6440fc] INFO  o.eclipse.m2e.core.internal.Bundles - 	Entry: C:\Users\ASUS\.p2\pool\plugins\org.eclipse.m2e.maven.runtime_3.9.500.20231113-2345\jars\org.eclipse.sisu.plexus-0.3.5.jar
2025-03-15 20:17:32,594 [Worker-16: Launching mavenrun-3c013ba5-2ebb-4553-940c-d252bd6440fc] INFO  o.eclipse.m2e.core.internal.Bundles - 	Entry: C:\Users\ASUS\.p2\pool\plugins\org.eclipse.m2e.maven.runtime_3.9.500.20231113-2345\jars\plexus-build-api-0.0.7.jar
2025-03-15 20:17:32,594 [Worker-16: Launching mavenrun-3c013ba5-2ebb-4553-940c-d252bd6440fc] INFO  o.eclipse.m2e.core.internal.Bundles - 	Entry: C:\Users\ASUS\.p2\pool\plugins\org.eclipse.m2e.maven.runtime_3.9.500.20231113-2345\jars\plexus-cipher-2.0.jar
2025-03-15 20:17:32,594 [Worker-16: Launching mavenrun-3c013ba5-2ebb-4553-940c-d252bd6440fc] INFO  o.eclipse.m2e.core.internal.Bundles - 	Entry: C:\Users\ASUS\.p2\pool\plugins\org.eclipse.m2e.maven.runtime_3.9.500.20231113-2345\jars\plexus-classworlds-2.7.0.jar
2025-03-15 20:17:32,594 [Worker-16: Launching mavenrun-3c013ba5-2ebb-4553-940c-d252bd6440fc] INFO  o.eclipse.m2e.core.internal.Bundles - 	Entry: C:\Users\ASUS\.p2\pool\plugins\org.eclipse.m2e.maven.runtime_3.9.500.20231113-2345\jars\plexus-component-annotations-2.1.0.jar
2025-03-15 20:17:32,594 [Worker-16: Launching mavenrun-3c013ba5-2ebb-4553-940c-d252bd6440fc] INFO  o.eclipse.m2e.core.internal.Bundles - 	Entry: C:\Users\ASUS\.p2\pool\plugins\org.eclipse.m2e.maven.runtime_3.9.500.20231113-2345\jars\plexus-interpolation-1.26.jar
2025-03-15 20:17:32,595 [Worker-16: Launching mavenrun-3c013ba5-2ebb-4553-940c-d252bd6440fc] INFO  o.eclipse.m2e.core.internal.Bundles - 	Entry: C:\Users\ASUS\.p2\pool\plugins\org.eclipse.m2e.maven.runtime_3.9.500.20231113-2345\jars\plexus-sec-dispatcher-2.0.jar
2025-03-15 20:17:32,595 [Worker-16: Launching mavenrun-3c013ba5-2ebb-4553-940c-d252bd6440fc] INFO  o.eclipse.m2e.core.internal.Bundles - 	Entry: C:\Users\ASUS\.p2\pool\plugins\org.eclipse.m2e.maven.runtime_3.9.500.20231113-2345\jars\plexus-utils-3.5.1.jar
2025-03-15 20:17:32,595 [Worker-16: Launching mavenrun-3c013ba5-2ebb-4553-940c-d252bd6440fc] INFO  o.eclipse.m2e.core.internal.Bundles - 	Entry: C:\Users\ASUS\.p2\pool\plugins\org.eclipse.m2e.maven.runtime_3.9.500.20231113-2345\jars\wagon-file-3.5.3.jar
2025-03-15 20:17:32,595 [Worker-16: Launching mavenrun-3c013ba5-2ebb-4553-940c-d252bd6440fc] INFO  o.eclipse.m2e.core.internal.Bundles - 	Entry: C:\Users\ASUS\.p2\pool\plugins\org.eclipse.m2e.maven.runtime_3.9.500.20231113-2345\jars\wagon-http-3.5.3.jar
2025-03-15 20:17:32,595 [Worker-16: Launching mavenrun-3c013ba5-2ebb-4553-940c-d252bd6440fc] INFO  o.eclipse.m2e.core.internal.Bundles - 	Entry: C:\Users\ASUS\.p2\pool\plugins\org.eclipse.m2e.maven.runtime_3.9.500.20231113-2345\jars\wagon-http-shared-3.5.3.jar
2025-03-15 20:17:32,595 [Worker-16: Launching mavenrun-3c013ba5-2ebb-4553-940c-d252bd6440fc] INFO  o.eclipse.m2e.core.internal.Bundles - 	Entry: C:\Users\ASUS\.p2\pool\plugins\org.eclipse.m2e.maven.runtime_3.9.500.20231113-2345\jars\wagon-provider-api-3.5.3.jar
2025-03-15 20:17:32,598 [Worker-16: Launching mavenrun-3c013ba5-2ebb-4553-940c-d252bd6440fc] INFO  o.eclipse.m2e.core.internal.Bundles - getClasspathEntries(Bundle=com.google.guava_32.1.3.jre [10])
2025-03-15 20:17:32,600 [Worker-16: Launching mavenrun-3c013ba5-2ebb-4553-940c-d252bd6440fc] INFO  o.eclipse.m2e.core.internal.Bundles - 	Entry: C:\Users\ASUS\.p2\pool\plugins\com.google.guava_32.1.3.jre.jar
2025-03-15 20:17:32,600 [Worker-16: Launching mavenrun-3c013ba5-2ebb-4553-940c-d252bd6440fc] INFO  o.eclipse.m2e.core.internal.Bundles - getClasspathEntries(Bundle=slf4j.api_2.0.9 [1279])
2025-03-15 20:17:32,601 [Worker-16: Launching mavenrun-3c013ba5-2ebb-4553-940c-d252bd6440fc] INFO  o.eclipse.m2e.core.internal.Bundles - 	Entry: C:\Users\ASUS\.p2\pool\plugins\slf4j.api_2.0.9.jar
2025-03-15 20:17:32,601 [Worker-16: Launching mavenrun-3c013ba5-2ebb-4553-940c-d252bd6440fc] INFO  o.eclipse.m2e.core.internal.Bundles - getClasspathEntries(Bundle=jakarta.inject.jakarta.inject-api_1.0.5 [22])
2025-03-15 20:17:32,601 [Worker-16: Launching mavenrun-3c013ba5-2ebb-4553-940c-d252bd6440fc] INFO  o.eclipse.m2e.core.internal.Bundles - 	Entry: C:\Users\ASUS\.p2\pool\plugins\jakarta.inject.jakarta.inject-api_1.0.5.jar
2025-03-15 20:17:32,601 [Worker-16: Launching mavenrun-3c013ba5-2ebb-4553-940c-d252bd6440fc] INFO  o.eclipse.m2e.core.internal.Bundles - getClasspathEntries(Bundle=jakarta.annotation-api_1.3.5 [20])
2025-03-15 20:17:32,602 [Worker-16: Launching mavenrun-3c013ba5-2ebb-4553-940c-d252bd6440fc] INFO  o.eclipse.m2e.core.internal.Bundles - 	Entry: C:\Users\ASUS\.p2\pool\plugins\jakarta.annotation-api_1.3.5.jar
2025-03-15 20:17:32,602 [Worker-16: Launching mavenrun-3c013ba5-2ebb-4553-940c-d252bd6440fc] INFO  o.eclipse.m2e.core.internal.Bundles - getClasspathEntries(Bundle=org.apache.commons.cli_1.6.0 [46])
2025-03-15 20:17:32,603 [Worker-16: Launching mavenrun-3c013ba5-2ebb-4553-940c-d252bd6440fc] INFO  o.eclipse.m2e.core.internal.Bundles - 	Entry: C:\Users\ASUS\.p2\pool\plugins\org.apache.commons.cli_1.6.0.jar
2025-03-15 20:17:32,603 [Worker-16: Launching mavenrun-3c013ba5-2ebb-4553-940c-d252bd6440fc] INFO  o.eclipse.m2e.core.internal.Bundles - getClasspathEntries(Bundle=org.apache.commons.commons-codec_1.16.0 [48])
2025-03-15 20:17:32,603 [Worker-16: Launching mavenrun-3c013ba5-2ebb-4553-940c-d252bd6440fc] INFO  o.eclipse.m2e.core.internal.Bundles - 	Entry: C:\Users\ASUS\.p2\pool\plugins\org.apache.commons.commons-codec_1.16.0.jar
2025-03-15 20:17:32,603 [Worker-16: Launching mavenrun-3c013ba5-2ebb-4553-940c-d252bd6440fc] INFO  o.eclipse.m2e.core.internal.Bundles - getClasspathEntries(Bundle=org.apache.commons.lang3_3.14.0 [954])
2025-03-15 20:17:32,604 [Worker-16: Launching mavenrun-3c013ba5-2ebb-4553-940c-d252bd6440fc] INFO  o.eclipse.m2e.core.internal.Bundles - 	Entry: C:\Users\ASUS\.p2\pool\plugins\org.apache.commons.lang3_3.14.0.jar
2025-03-15 20:17:32,604 [Worker-16: Launching mavenrun-3c013ba5-2ebb-4553-940c-d252bd6440fc] INFO  o.eclipse.m2e.core.internal.Bundles - getClasspathEntries(Bundle=com.google.guava.failureaccess_1.0.2 [11])
2025-03-15 20:17:32,604 [Worker-16: Launching mavenrun-3c013ba5-2ebb-4553-940c-d252bd6440fc] INFO  o.eclipse.m2e.core.internal.Bundles - 	Entry: C:\Users\ASUS\.p2\pool\plugins\com.google.guava.failureaccess_1.0.2.jar
2025-03-15 20:17:32,607 [Worker-16: Launching mavenrun-3c013ba5-2ebb-4553-940c-d252bd6440fc] INFO  o.e.m.i.launch.MavenLaunchDelegate - Run build in "C:\Users\ASUS\AppData\Local\Temp\m2e-archetypeGenerator4008527608448032134":
2025-03-15 20:17:32,608 [Worker-16: Launching mavenrun-3c013ba5-2ebb-4553-940c-d252bd6440fc] INFO  o.e.m.i.launch.MavenLaunchDelegate -  mvn  -DarchetypeGroupId=org.apache.maven.archetypes -DarchetypeArtifactId=maven-archetype-quickstart -DarchetypeVersion=1.1 -DgroupId=com.iuh.se.adapter_pattern -DartifactId=com.iuh.se -Dversion=0.0.1-SNAPSHOT -Dpackage=com.iuh.se -DoutputDirectory="E:\NAM 4 KY2\Kien Truc\TH_Tuan03_DesignPattern" -Dstyle.color=always -U archetype:generate
2025-03-15 20:22:02,124 [Worker-2: Loading available Gradle versions] INFO  o.e.b.c.i.u.g.PublishedGradleVersions - Gradle version information cache is up-to-date. Trying to read.
2025-03-15 20:24:16,223 [Worker-7: reload maven project] ERROR o.e.m.c.i.p.r.ProjectRegistryManager - Failed to read Maven project: Some problems were encountered while processing the POMs:
[FATAL] Non-resolvable parent POM for adapter_pattern:adapter_pattern:0.0.1-SNAPSHOT: The following artifacts could not be resolved: com.iuh.se:com.iuh.se:pom:0.0.1-SNAPSHOT (absent): Could not find artifact com.iuh.se:com.iuh.se:pom:0.0.1-SNAPSHOT and 'parent.relativePath' points at wrong local POM @ line 3, column 11

org.apache.maven.project.ProjectBuildingException: Some problems were encountered while processing the POMs:
[FATAL] Non-resolvable parent POM for adapter_pattern:adapter_pattern:0.0.1-SNAPSHOT: The following artifacts could not be resolved: com.iuh.se:com.iuh.se:pom:0.0.1-SNAPSHOT (absent): Could not find artifact com.iuh.se:com.iuh.se:pom:0.0.1-SNAPSHOT and 'parent.relativePath' points at wrong local POM @ line 3, column 11

	at org.eclipse.m2e.core.internal.IMavenToolbox.readMavenProjects(IMavenToolbox.java:131)
	at org.eclipse.m2e.core.internal.project.registry.ProjectRegistryManager.lambda$22(ProjectRegistryManager.java:939)
	at org.eclipse.m2e.core.internal.embedder.MavenExecutionContext.executeBare(MavenExecutionContext.java:394)
	at org.eclipse.m2e.core.internal.embedder.MavenExecutionContext.execute(MavenExecutionContext.java:275)
	at org.eclipse.m2e.core.internal.embedder.MavenExecutionContext.execute(MavenExecutionContext.java:214)
	at org.eclipse.m2e.core.internal.project.registry.ProjectRegistryManager.readProjectsWithDependencies(ProjectRegistryManager.java:935)
	at org.eclipse.m2e.core.internal.project.registry.ProjectRegistryManager.create(ProjectRegistryManager.java:219)
	at org.eclipse.m2e.core.internal.project.registry.MavenProjectManager.create(MavenProjectManager.java:105)
	at org.eclipse.m2e.core.ui.internal.actions.SelectionUtil.getMavenProject(SelectionUtil.java:239)
	at org.eclipse.m2e.editor.pom.MavenPomEditor.readMavenProject(MavenPomEditor.java:709)
	at org.eclipse.m2e.editor.pom.MavenPomEditor$4.run(MavenPomEditor.java:1029)
	at org.eclipse.core.internal.jobs.Worker.run(Worker.java:63)
2025-03-15 20:26:48,563 [Worker-16: Creating project "com.iuh.se.adapter_pattern"] INFO  o.e.m.c.i.l.LifecycleMappingFactory - Using org.eclipse.m2e.jdt.JarLifecycleMapping lifecycle mapping for MavenProject: com.iuh.se.adapter_pattern:com.iuh.se.adapter_pattern:0.0.1-SNAPSHOT @ E:\NAM 4 KY2\Kien Truc\TH_Tuan03_DesignPattern\com.iuh.se.adapter_pattern\pom.xml.
2025-03-15 20:26:49,722 [Worker-16: Creating project "com.iuh.se.adapter_pattern"] INFO  o.e.m.j.i.AbstractJavaProjectConfigurator - Adding source folder /com.iuh.se.adapter_pattern/src/main/java
2025-03-15 20:26:49,723 [Worker-16: Creating project "com.iuh.se.adapter_pattern"] INFO  o.e.m.j.i.AbstractJavaProjectConfigurator - Adding resource folder /com.iuh.se.adapter_pattern/src/main/resources
2025-03-15 20:26:49,723 [Worker-16: Creating project "com.iuh.se.adapter_pattern"] INFO  o.e.m.j.i.AbstractJavaProjectConfigurator - Adding source folder /com.iuh.se.adapter_pattern/src/test/java
2025-03-15 20:26:49,723 [Worker-16: Creating project "com.iuh.se.adapter_pattern"] INFO  o.e.m.j.i.AbstractJavaProjectConfigurator - Adding resource folder /com.iuh.se.adapter_pattern/src/test/resources
2025-03-15 20:26:50,209 [Worker-14: Building] WARN  o.a.m.s.f.DefaultMavenResourcesFiltering - Using platform encoding (UTF-8 actually) to copy filtered resources, i.e. build is platform dependent!
2025-03-15 20:26:50,215 [Worker-14: Building] INFO  o.a.m.s.f.DefaultMavenResourcesFiltering - Copying 0 resource from src\main\resources to target\classes
2025-03-15 20:26:50,219 [Worker-14: Building] WARN  o.a.m.s.f.DefaultMavenResourcesFiltering - Using platform encoding (UTF-8 actually) to copy filtered resources, i.e. build is platform dependent!
2025-03-15 20:26:50,221 [Worker-14: Building] INFO  o.a.m.s.f.DefaultMavenResourcesFiltering - Copying 0 resource from src\test\resources to target\test-classes
2025-03-15 20:33:21,758 [Worker-23: Building] INFO  o.e.m.c.i.l.LifecycleMappingFactory - Using org.eclipse.m2e.jdt.JarLifecycleMapping lifecycle mapping for MavenProject: com.iuh.se.adapter_pattern:com.iuh.se.adapter_pattern:0.0.1-SNAPSHOT @ E:\NAM 4 KY2\Kien Truc\TH_Tuan03_DesignPattern\com.iuh.se.adapter_pattern\pom.xml.
2025-03-15 20:33:24,131 [Worker-23: Building] INFO  o.e.m.c.i.e.AbstractTransferListenerAdapter - Downloading https://repo.maven.apache.org/maven2/com/fasterxml/jackson/core/jackson-databind/2.18.3/jackson-databind-2.18.3.pom
2025-03-15 20:33:24,828 [Worker-23: Building] INFO  o.e.m.c.i.e.AbstractTransferListenerAdapter - Downloaded https://repo.maven.apache.org/maven2/com/fasterxml/jackson/core/jackson-databind/2.18.3/jackson-databind-2.18.3.pom
2025-03-15 20:33:25,403 [Worker-23: Building] INFO  o.e.m.c.i.e.AbstractTransferListenerAdapter - Downloading https://repo.maven.apache.org/maven2/com/fasterxml/jackson/jackson-base/2.18.3/jackson-base-2.18.3.pom
2025-03-15 20:33:25,553 [Worker-23: Building] INFO  o.e.m.c.i.e.AbstractTransferListenerAdapter - Downloaded https://repo.maven.apache.org/maven2/com/fasterxml/jackson/jackson-base/2.18.3/jackson-base-2.18.3.pom
2025-03-15 20:33:26,087 [Worker-23: Building] INFO  o.e.m.c.i.e.AbstractTransferListenerAdapter - Downloading https://repo.maven.apache.org/maven2/com/fasterxml/jackson/jackson-bom/2.18.3/jackson-bom-2.18.3.pom
2025-03-15 20:33:28,677 [Worker-23: Building] INFO  o.e.m.c.i.e.AbstractTransferListenerAdapter - Downloaded https://repo.maven.apache.org/maven2/com/fasterxml/jackson/jackson-bom/2.18.3/jackson-bom-2.18.3.pom
2025-03-15 20:33:29,286 [Worker-23: Building] INFO  o.e.m.c.i.e.AbstractTransferListenerAdapter - Downloading https://repo.maven.apache.org/maven2/com/fasterxml/jackson/core/jackson-annotations/2.18.3/jackson-annotations-2.18.3.pom
2025-03-15 20:33:29,403 [Worker-23: Building] INFO  o.e.m.c.i.e.AbstractTransferListenerAdapter - Downloaded https://repo.maven.apache.org/maven2/com/fasterxml/jackson/core/jackson-annotations/2.18.3/jackson-annotations-2.18.3.pom
2025-03-15 20:33:29,995 [Worker-23: Building] INFO  o.e.m.c.i.e.AbstractTransferListenerAdapter - Downloading https://repo.maven.apache.org/maven2/com/fasterxml/jackson/core/jackson-core/2.18.3/jackson-core-2.18.3.pom
2025-03-15 20:33:30,186 [Worker-23: Building] INFO  o.e.m.c.i.e.AbstractTransferListenerAdapter - Downloaded https://repo.maven.apache.org/maven2/com/fasterxml/jackson/core/jackson-core/2.18.3/jackson-core-2.18.3.pom
2025-03-15 20:33:30,788 [Worker-23: Building] INFO  o.e.m.c.i.e.AbstractTransferListenerAdapter - Downloading https://repo.maven.apache.org/maven2/com/fasterxml/jackson/dataformat/jackson-dataformat-xml/2.18.3/jackson-dataformat-xml-2.18.3.pom
2025-03-15 20:33:30,981 [Worker-23: Building] INFO  o.e.m.c.i.e.AbstractTransferListenerAdapter - Downloaded https://repo.maven.apache.org/maven2/com/fasterxml/jackson/dataformat/jackson-dataformat-xml/2.18.3/jackson-dataformat-xml-2.18.3.pom
2025-03-15 20:33:32,229 [Worker-23: Building] INFO  o.e.m.c.i.e.AbstractTransferListenerAdapter - Downloading https://repo.maven.apache.org/maven2/org/codehaus/woodstox/stax2-api/4.2.2/stax2-api-4.2.2.pom
2025-03-15 20:33:32,231 [Worker-23: Building] INFO  o.e.m.c.i.e.AbstractTransferListenerAdapter - Downloaded https://repo.maven.apache.org/maven2/org/codehaus/woodstox/stax2-api/4.2.2/stax2-api-4.2.2.pom
2025-03-15 20:33:32,814 [Worker-23: Building] INFO  o.e.m.c.i.e.AbstractTransferListenerAdapter - Downloading https://repo.maven.apache.org/maven2/com/fasterxml/oss-parent/55/oss-parent-55.pom
2025-03-15 20:33:33,617 [Worker-23: Building] INFO  o.e.m.c.i.e.AbstractTransferListenerAdapter - Downloaded https://repo.maven.apache.org/maven2/com/fasterxml/oss-parent/55/oss-parent-55.pom
2025-03-15 20:33:34,211 [Worker-23: Building] INFO  o.e.m.c.i.e.AbstractTransferListenerAdapter - Downloading https://repo.maven.apache.org/maven2/com/fasterxml/woodstox/woodstox-core/7.0.0/woodstox-core-7.0.0.pom
2025-03-15 20:33:34,941 [Worker-23: Building] INFO  o.e.m.c.i.e.AbstractTransferListenerAdapter - Downloaded https://repo.maven.apache.org/maven2/com/fasterxml/woodstox/woodstox-core/7.0.0/woodstox-core-7.0.0.pom
2025-03-15 20:33:35,534 [Worker-23: Building] INFO  o.e.m.c.i.e.AbstractTransferListenerAdapter - Downloading https://repo.maven.apache.org/maven2/com/fasterxml/oss-parent/59/oss-parent-59.pom
2025-03-15 20:33:36,958 [Worker-23: Building] INFO  o.e.m.c.i.e.AbstractTransferListenerAdapter - Downloaded https://repo.maven.apache.org/maven2/com/fasterxml/oss-parent/59/oss-parent-59.pom
2025-03-15 20:33:37,594 [Worker-23: Building] INFO  o.e.m.c.i.e.AbstractTransferListenerAdapter - Downloading https://repo.maven.apache.org/maven2/com/fasterxml/jackson/core/jackson-databind/2.18.3/jackson-databind-2.18.3.jar
2025-03-15 20:35:59,465 [Worker-23: Building] INFO  o.e.m.c.i.e.AbstractTransferListenerAdapter - Downloaded https://repo.maven.apache.org/maven2/com/fasterxml/jackson/core/jackson-databind/2.18.3/jackson-databind-2.18.3.jar
2025-03-15 20:36:00,048 [BasicRepositoryConnector-repo.maven.apache.org-0-4] INFO  o.e.m.c.i.e.AbstractTransferListenerAdapter - Downloading https://repo.maven.apache.org/maven2/com/fasterxml/woodstox/woodstox-core/7.0.0/woodstox-core-7.0.0.jar
2025-03-15 20:36:00,521 [BasicRepositoryConnector-repo.maven.apache.org-0-0] INFO  o.e.m.c.i.e.AbstractTransferListenerAdapter - Downloading https://repo.maven.apache.org/maven2/com/fasterxml/jackson/core/jackson-annotations/2.18.3/jackson-annotations-2.18.3.jar
2025-03-15 20:36:01,115 [BasicRepositoryConnector-repo.maven.apache.org-0-2] INFO  o.e.m.c.i.e.AbstractTransferListenerAdapter - Downloading https://repo.maven.apache.org/maven2/com/fasterxml/jackson/dataformat/jackson-dataformat-xml/2.18.3/jackson-dataformat-xml-2.18.3.jar
2025-03-15 20:36:01,446 [BasicRepositoryConnector-repo.maven.apache.org-0-1] INFO  o.e.m.c.i.e.AbstractTransferListenerAdapter - Downloading https://repo.maven.apache.org/maven2/com/fasterxml/jackson/core/jackson-core/2.18.3/jackson-core-2.18.3.jar
2025-03-15 20:36:01,607 [BasicRepositoryConnector-repo.maven.apache.org-0-0] INFO  o.e.m.c.i.e.AbstractTransferListenerAdapter - Downloaded https://repo.maven.apache.org/maven2/com/fasterxml/jackson/core/jackson-annotations/2.18.3/jackson-annotations-2.18.3.jar
2025-03-15 20:36:03,125 [BasicRepositoryConnector-repo.maven.apache.org-0-3] INFO  o.e.m.c.i.e.AbstractTransferListenerAdapter - Downloading https://repo.maven.apache.org/maven2/org/codehaus/woodstox/stax2-api/4.2.2/stax2-api-4.2.2.jar
2025-03-15 20:36:05,573 [BasicRepositoryConnector-repo.maven.apache.org-0-2] INFO  o.e.m.c.i.e.AbstractTransferListenerAdapter - Downloaded https://repo.maven.apache.org/maven2/com/fasterxml/jackson/dataformat/jackson-dataformat-xml/2.18.3/jackson-dataformat-xml-2.18.3.jar
2025-03-15 20:36:07,984 [BasicRepositoryConnector-repo.maven.apache.org-0-3] INFO  o.e.m.c.i.e.AbstractTransferListenerAdapter - Downloaded https://repo.maven.apache.org/maven2/org/codehaus/woodstox/stax2-api/4.2.2/stax2-api-4.2.2.jar
2025-03-15 20:36:59,893 [BasicRepositoryConnector-repo.maven.apache.org-0-1] INFO  o.e.m.c.i.e.AbstractTransferListenerAdapter - Downloaded https://repo.maven.apache.org/maven2/com/fasterxml/jackson/core/jackson-core/2.18.3/jackson-core-2.18.3.jar
2025-03-15 20:38:01,389 [BasicRepositoryConnector-repo.maven.apache.org-0-4] INFO  o.e.m.c.i.e.AbstractTransferListenerAdapter - Downloaded https://repo.maven.apache.org/maven2/com/fasterxml/woodstox/woodstox-core/7.0.0/woodstox-core-7.0.0.jar
2025-03-15 20:38:02,209 [Worker-13: Building] WARN  o.a.m.s.f.DefaultMavenResourcesFiltering - Using platform encoding (UTF-8 actually) to copy filtered resources, i.e. build is platform dependent!
2025-03-15 20:38:02,210 [Worker-13: Building] INFO  o.a.m.s.f.DefaultMavenResourcesFiltering - Copying 0 resource from src\main\resources to target\classes
2025-03-15 20:38:02,213 [Worker-13: Building] WARN  o.a.m.s.f.DefaultMavenResourcesFiltering - Using platform encoding (UTF-8 actually) to copy filtered resources, i.e. build is platform dependent!
2025-03-15 20:38:02,214 [Worker-13: Building] INFO  o.a.m.s.f.DefaultMavenResourcesFiltering - Copying 0 resource from src\test\resources to target\test-classes
2025-03-15 20:38:03,553 [Worker-17: Download sources and javadoc] INFO  o.e.m.c.i.e.AbstractTransferListenerAdapter - Downloading https://repo.maven.apache.org/maven2/com/fasterxml/jackson/core/jackson-databind/2.18.3/jackson-databind-2.18.3-sources.jar
2025-03-20 05:00:18,026 [Worker-2: Loading available Gradle versions] INFO  o.e.b.c.i.u.g.PublishedGradleVersions - Gradle version information cache is out-of-date. Trying to update.
2025-03-20 05:00:19,616 [Worker-5: reload maven project] INFO  o.e.m.c.i.e.AbstractTransferListenerAdapter - Downloading https://repo.maven.apache.org/maven2/com/fasterxml/woodstox/woodstox-core/7.0.0/woodstox-core-7.0.0.jar
2025-03-20 05:00:19,887 [Worker-5: reload maven project] INFO  o.e.m.c.i.e.AbstractTransferListenerAdapter - Downloaded https://repo.maven.apache.org/maven2/com/fasterxml/woodstox/woodstox-core/7.0.0/woodstox-core-7.0.0.jar
2025-03-20 05:01:21,532 [Worker-4: Building] INFO  o.e.m.c.i.l.LifecycleMappingFactory - Using org.eclipse.m2e.jdt.JarLifecycleMapping lifecycle mapping for MavenProject: com.iuh.se.adapter_pattern:com.iuh.se.adapter_pattern:0.0.1-SNAPSHOT @ E:\NAM 4 KY2\Kien Truc\TH_Tuan04_DesignPattern\com.iuh.se.adapter_pattern\pom.xml.
2025-03-20 05:01:22,137 [Worker-4: Building] WARN  o.a.m.s.f.DefaultMavenResourcesFiltering - Using platform encoding (UTF-8 actually) to copy filtered resources, i.e. build is platform dependent!
2025-03-20 05:01:22,140 [Worker-4: Building] INFO  o.a.m.s.f.DefaultMavenResourcesFiltering - Copying 0 resource from src\main\resources to target\classes
2025-03-20 05:01:22,143 [Worker-4: Building] WARN  o.a.m.s.f.DefaultMavenResourcesFiltering - Using platform encoding (UTF-8 actually) to copy filtered resources, i.e. build is platform dependent!
2025-03-20 05:01:22,144 [Worker-4: Building] INFO  o.a.m.s.f.DefaultMavenResourcesFiltering - Copying 0 resource from src\test\resources to target\test-classes
2025-03-20 05:01:22,838 [Worker-2: Download sources and javadoc] INFO  o.e.m.c.i.e.AbstractTransferListenerAdapter - Downloading https://repo.maven.apache.org/maven2/com/fasterxml/jackson/core/jackson-databind/2.18.3/jackson-databind-2.18.3-sources.jar
2025-03-20 05:01:23,017 [Worker-2: Download sources and javadoc] INFO  o.e.m.c.i.e.AbstractTransferListenerAdapter - Downloaded https://repo.maven.apache.org/maven2/com/fasterxml/jackson/core/jackson-databind/2.18.3/jackson-databind-2.18.3-sources.jar
2025-03-20 05:01:23,021 [Worker-2: Download sources and javadoc] INFO  o.e.m.j.internal.DownloadSourcesJob - Downloaded sources for com.fasterxml.jackson.core:jackson-databind:2.18.3
2025-03-20 05:01:23,147 [Worker-2: Download sources and javadoc] INFO  o.e.m.c.i.e.AbstractTransferListenerAdapter - Downloading https://repo.maven.apache.org/maven2/com/fasterxml/jackson/core/jackson-annotations/2.18.3/jackson-annotations-2.18.3-sources.jar
2025-03-20 05:01:23,209 [Worker-2: Download sources and javadoc] INFO  o.e.m.c.i.e.AbstractTransferListenerAdapter - Downloaded https://repo.maven.apache.org/maven2/com/fasterxml/jackson/core/jackson-annotations/2.18.3/jackson-annotations-2.18.3-sources.jar
2025-03-20 05:01:23,213 [Worker-2: Download sources and javadoc] INFO  o.e.m.j.internal.DownloadSourcesJob - Downloaded sources for com.fasterxml.jackson.core:jackson-annotations:2.18.3
2025-03-20 05:01:23,327 [Worker-2: Download sources and javadoc] INFO  o.e.m.c.i.e.AbstractTransferListenerAdapter - Downloading https://repo.maven.apache.org/maven2/com/fasterxml/jackson/core/jackson-core/2.18.3/jackson-core-2.18.3-sources.jar
2025-03-20 05:01:23,445 [Worker-2: Download sources and javadoc] INFO  o.e.m.c.i.e.AbstractTransferListenerAdapter - Downloaded https://repo.maven.apache.org/maven2/com/fasterxml/jackson/core/jackson-core/2.18.3/jackson-core-2.18.3-sources.jar
2025-03-20 05:01:23,451 [Worker-2: Download sources and javadoc] INFO  o.e.m.j.internal.DownloadSourcesJob - Downloaded sources for com.fasterxml.jackson.core:jackson-core:2.18.3
2025-03-20 05:01:23,572 [Worker-2: Download sources and javadoc] INFO  o.e.m.c.i.e.AbstractTransferListenerAdapter - Downloading https://repo.maven.apache.org/maven2/com/fasterxml/jackson/dataformat/jackson-dataformat-xml/2.18.3/jackson-dataformat-xml-2.18.3-sources.jar
2025-03-20 05:01:23,626 [Worker-2: Download sources and javadoc] INFO  o.e.m.c.i.e.AbstractTransferListenerAdapter - Downloaded https://repo.maven.apache.org/maven2/com/fasterxml/jackson/dataformat/jackson-dataformat-xml/2.18.3/jackson-dataformat-xml-2.18.3-sources.jar
2025-03-20 05:01:23,630 [Worker-2: Download sources and javadoc] INFO  o.e.m.j.internal.DownloadSourcesJob - Downloaded sources for com.fasterxml.jackson.dataformat:jackson-dataformat-xml:2.18.3
2025-03-20 05:01:23,736 [Worker-2: Download sources and javadoc] INFO  o.e.m.c.i.e.AbstractTransferListenerAdapter - Downloading https://repo.maven.apache.org/maven2/org/codehaus/woodstox/stax2-api/4.2.2/stax2-api-4.2.2-sources.jar
2025-03-20 05:01:23,823 [Worker-2: Download sources and javadoc] INFO  o.e.m.c.i.e.AbstractTransferListenerAdapter - Downloaded https://repo.maven.apache.org/maven2/org/codehaus/woodstox/stax2-api/4.2.2/stax2-api-4.2.2-sources.jar
2025-03-20 05:01:23,828 [Worker-2: Download sources and javadoc] INFO  o.e.m.j.internal.DownloadSourcesJob - Downloaded sources for org.codehaus.woodstox:stax2-api:4.2.2
2025-03-20 05:01:23,970 [Worker-2: Download sources and javadoc] INFO  o.e.m.c.i.e.AbstractTransferListenerAdapter - Downloading https://repo.maven.apache.org/maven2/com/fasterxml/woodstox/woodstox-core/7.0.0/woodstox-core-7.0.0-sources.jar
2025-03-20 05:01:24,098 [Worker-2: Download sources and javadoc] INFO  o.e.m.c.i.e.AbstractTransferListenerAdapter - Downloaded https://repo.maven.apache.org/maven2/com/fasterxml/woodstox/woodstox-core/7.0.0/woodstox-core-7.0.0-sources.jar
2025-03-20 05:01:24,102 [Worker-2: Download sources and javadoc] INFO  o.e.m.j.internal.DownloadSourcesJob - Downloaded sources for com.fasterxml.woodstox:woodstox-core:7.0.0
